#! /c/Source/iverilog-install/bin/vvp
:ivl_version "12.0 (devel)" "(s20150603-1110-g18392a46)";
:ivl_delay_selection "TYPICAL";
:vpi_time_precision - 12;
:vpi_module "C:\Users\hp\Desktop\test1\iverilog\lib\ivl\system.vpi";
:vpi_module "C:\Users\hp\Desktop\test1\iverilog\lib\ivl\vhdl_sys.vpi";
:vpi_module "C:\Users\hp\Desktop\test1\iverilog\lib\ivl\vhdl_textio.vpi";
:vpi_module "C:\Users\hp\Desktop\test1\iverilog\lib\ivl\v2005_math.vpi";
:vpi_module "C:\Users\hp\Desktop\test1\iverilog\lib\ivl\va_math.vpi";
S_00000216d1c17070 .scope module, "Binary_to_FloatingPoint" "Binary_to_FloatingPoint" 2 34;
 .timescale -9 -12;
    .port_info 0 /INPUT 32 "bin_input";
    .port_info 1 /OUTPUT 32 "floating_output";
o00000216d1c20fe8 .functor BUFZ 32, C4<zzzzzzzzzzzzzzzzzzzzzzzzzzzzzzzz>; HiZ drive
v00000216d1d164b0_0 .net "bin_input", 31 0, o00000216d1c20fe8;  0 drivers
v00000216d1d16550_0 .var "exponent", 7 0;
v00000216d1d165f0_0 .var "floating_output", 31 0;
v00000216d1d16690_0 .var "i", 0 0;
v00000216d1c13620_0 .var "mantissa", 22 0;
v00000216d1c136c0_0 .var "sign", 0 0;
E_00000216d1d1b510 .event anyedge, v00000216d1d164b0_0;
S_00000216d1d16280 .scope begin, "$ivl_for_loop0" "$ivl_for_loop0" 2 55, 2 55 0, S_00000216d1c17070;
 .timescale -9 -12;
v00000216d1c17390_0 .var/i "j", 31 0;
S_00000216d1d1bd70 .scope begin, "$ivl_for_loop1" "$ivl_for_loop1" 2 60, 2 60 0, S_00000216d1c17070;
 .timescale -9 -12;
v00000216d1d16410_0 .var/i "j", 31 0;
S_00000216d1c17200 .scope module, "Floating_point_to_Binary" "Floating_point_to_Binary" 2 3;
 .timescale -9 -12;
    .port_info 0 /INPUT 32 "floating_input";
    .port_info 1 /OUTPUT 32 "bin_output";
v00000216d1c13760_0 .var "bin_output", 31 0;
v00000216d1c13800_0 .var "diff", 7 0;
v00000216d1c138a0_0 .var "exponent", 7 0;
o00000216d1c211f8 .functor BUFZ 32, C4<zzzzzzzzzzzzzzzzzzzzzzzzzzzzzzzz>; HiZ drive
v00000216d1c13940_0 .net "floating_input", 31 0, o00000216d1c211f8;  0 drivers
v00000216d1c139e0_0 .var/i "i", 31 0;
v00000216d1c13a80_0 .var "mantissa", 32 0;
v00000216d1c14750_0 .var "sign", 0 0;
E_00000216d1d1b450 .event anyedge, v00000216d1c13940_0;
    .scope S_00000216d1c17070;
T_0 ;
    %wait E_00000216d1d1b510;
    %pushi/vec4 0, 0, 1;
    %store/vec4 v00000216d1c136c0_0, 0, 1;
    %pushi/vec4 31, 0, 8;
    %store/vec4 v00000216d1d16550_0, 0, 8;
    %load/vec4 v00000216d1d164b0_0;
    %cmpi/e 0, 0, 32;
    %jmp/0xz  T_0.0, 4;
    %pushi/vec4 0, 0, 32;
    %store/vec4 v00000216d1d165f0_0, 0, 32;
    %jmp T_0.1;
T_0.0 ;
    %pushi/vec4 1, 0, 1;
    %store/vec4 v00000216d1d16690_0, 0, 1;
T_0.2 ;
    %pushi/vec4 0, 0, 32;
    %load/vec4 v00000216d1d16690_0;
    %pad/u 32;
    %cmp/u;
    %flag_get/vec4 4;
    %flag_get/vec4 5;
    %or;
    %load/vec4 v00000216d1d164b0_0;
    %load/vec4 v00000216d1d16690_0;
    %part/u 1;
    %pad/u 32;
    %pushi/vec4 0, 0, 32;
    %cmp/e;
    %flag_get/vec4 4;
    %and;
    %flag_set/vec4 8;
    %jmp/0xz T_0.3, 8;
    %load/vec4 v00000216d1d16690_0;
    %pad/u 2;
    %subi 1, 0, 2;
    %pad/u 1;
    %store/vec4 v00000216d1d16690_0, 0, 1;
    %jmp T_0.2;
T_0.3 ;
    %load/vec4 v00000216d1d16690_0;
    %pad/u 8;
    %store/vec4 v00000216d1d16550_0, 0, 8;
    %pushi/vec4 0, 0, 23;
    %store/vec4 v00000216d1c13620_0, 0, 23;
    %load/vec4 v00000216d1d16690_0;
    %pad/u 32;
    %cmpi/u 23, 0, 32;
    %flag_inv 5; GE is !LT
    %jmp/0xz  T_0.4, 5;
    %fork t_1, S_00000216d1d16280;
    %jmp t_0;
    .scope S_00000216d1d16280;
t_1 ;
    %pushi/vec4 0, 0, 32;
    %store/vec4 v00000216d1c17390_0, 0, 32;
T_0.6 ;
    %load/vec4 v00000216d1c17390_0;
    %cmpi/s 23, 0, 32;
    %jmp/0xz T_0.7, 5;
    %load/vec4 v00000216d1d164b0_0;
    %load/vec4 v00000216d1d16690_0;
    %pad/u 32;
    %subi 1, 0, 32;
    %load/vec4 v00000216d1c17390_0;
    %sub;
    %part/u 1;
    %pushi/vec4 22, 0, 32;
    %load/vec4 v00000216d1c17390_0;
    %sub;
    %ix/vec4/s 4;
    %store/vec4 v00000216d1c13620_0, 4, 1;
    %load/vec4 v00000216d1c17390_0;
    %addi 1, 0, 32;
    %store/vec4 v00000216d1c17390_0, 0, 32;
    %jmp T_0.6;
T_0.7 ;
    %end;
    .scope S_00000216d1c17070;
t_0 %join;
    %jmp T_0.5;
T_0.4 ;
    %fork t_3, S_00000216d1d1bd70;
    %jmp t_2;
    .scope S_00000216d1d1bd70;
t_3 ;
    %load/vec4 v00000216d1d16550_0;
    %pad/u 32;
    %subi 1, 0, 32;
    %store/vec4 v00000216d1d16410_0, 0, 32;
T_0.8 ;
    %load/vec4 v00000216d1d16410_0;
    %cmpi/s 0, 0, 32;
    %flag_inv 5; GE is !LT
    %jmp/0xz T_0.9, 5;
    %load/vec4 v00000216d1d164b0_0;
    %load/vec4 v00000216d1d16410_0;
    %part/s 1;
    %pushi/vec4 22, 0, 32;
    %load/vec4 v00000216d1d16410_0;
    %load/vec4 v00000216d1d16550_0;
    %pad/u 32;
    %subi 1, 0, 32;
    %sub;
    %add;
    %ix/vec4 4;
    %store/vec4 v00000216d1c13620_0, 4, 1;
    %load/vec4 v00000216d1d16410_0;
    %subi 1, 0, 32;
    %store/vec4 v00000216d1d16410_0, 0, 32;
    %jmp T_0.8;
T_0.9 ;
    %end;
    .scope S_00000216d1c17070;
t_2 %join;
T_0.5 ;
    %load/vec4 v00000216d1d16550_0;
    %addi 127, 0, 8;
    %store/vec4 v00000216d1d16550_0, 0, 8;
    %load/vec4 v00000216d1c136c0_0;
    %load/vec4 v00000216d1d16550_0;
    %concat/vec4; draw_concat_vec4
    %load/vec4 v00000216d1c13620_0;
    %concat/vec4; draw_concat_vec4
    %store/vec4 v00000216d1d165f0_0, 0, 32;
T_0.1 ;
    %jmp T_0;
    .thread T_0, $push;
    .scope S_00000216d1c17200;
T_1 ;
    %wait E_00000216d1d1b450;
    %load/vec4 v00000216d1c13940_0;
    %split/vec4 23;
    %ix/load 4, 9, 0;
    %flag_set/imm 4, 0;
    %store/vec4 v00000216d1c13a80_0, 4, 23;
    %split/vec4 8;
    %store/vec4 v00000216d1c138a0_0, 0, 8;
    %store/vec4 v00000216d1c14750_0, 0, 1;
    %pushi/vec4 1, 0, 1;
    %ix/load 4, 32, 0;
    %flag_set/imm 4, 0;
    %store/vec4 v00000216d1c13a80_0, 4, 1;
    %pushi/vec4 0, 0, 9;
    %ix/load 4, 0, 0;
    %flag_set/imm 4, 0;
    %store/vec4 v00000216d1c13a80_0, 4, 9;
    %pushi/vec4 0, 0, 32;
    %store/vec4 v00000216d1c13760_0, 0, 32;
    %load/vec4 v00000216d1c138a0_0;
    %subi 127, 0, 8;
    %store/vec4 v00000216d1c13800_0, 0, 8;
    %load/vec4 v00000216d1c13800_0;
    %pad/u 32;
    %cmpi/u 30, 0, 32;
    %flag_or 5, 4; GT is !LE
    %flag_inv 5;
    %jmp/0xz  T_1.0, 5;
    %pushi/vec4 0, 0, 32;
    %store/vec4 v00000216d1c13760_0, 0, 32;
    %jmp T_1.1;
T_1.0 ;
    %load/vec4 v00000216d1c13800_0;
    %pad/u 32;
    %cmpi/u 0, 0, 32;
    %jmp/0xz  T_1.2, 5;
    %pushi/vec4 0, 0, 32;
    %store/vec4 v00000216d1c13760_0, 0, 32;
    %jmp T_1.3;
T_1.2 ;
    %load/vec4 v00000216d1c13800_0;
    %pad/u 32;
    %addi 1, 0, 32;
    %store/vec4 v00000216d1c139e0_0, 0, 32;
T_1.4 ;
    %load/vec4 v00000216d1c139e0_0;
    %cmpi/s 4294967295, 0, 32;
    %flag_or 5, 4; GT is !LE
    %flag_inv 5;
    %jmp/0xz T_1.5, 5;
    %load/vec4 v00000216d1c13a80_0;
    %pushi/vec4 32, 0, 32;
    %load/vec4 v00000216d1c139e0_0;
    %load/vec4 v00000216d1c13800_0;
    %pad/u 32;
    %addi 1, 0, 32;
    %sub;
    %add;
    %part/u 1;
    %ix/getv/s 4, v00000216d1c139e0_0;
    %store/vec4 v00000216d1c13760_0, 4, 1;
    %load/vec4 v00000216d1c139e0_0;
    %subi 1, 0, 32;
    %store/vec4 v00000216d1c139e0_0, 0, 32;
    %jmp T_1.4;
T_1.5 ;
T_1.3 ;
T_1.1 ;
    %jmp T_1;
    .thread T_1, $push;
# The file index is used to find the file name in the following table.
:file_names 3;
    "N/A";
    "<interactive>";
    "converter.v";
